# JRE version: OpenJDK Runtime Environment (8.0_201-b09) (build 1.8.0_201-b09)
# Java VM: OpenJDK 64-Bit Server VM (25.201-b09 mixed mode linux-amd64 compressed oops)
Heap:
 PSYoungGen      total 237056K, used 175776K [0x00000000eab00000, 0x00000000fa800000, 0x0000000100000000)
  eden space 224768K, 72% used [0x00000000eab00000,0x00000000f4abc670,0x00000000f8680000)
  from space 12288K, 99% used [0x00000000f9c00000,0x00000000fa7eba70,0x00000000fa800000)
  to   space 14336K, 0% used [0x00000000f8c00000,0x00000000f8c00000,0x00000000f9a00000)
 ParOldGen       total 125952K, used 20429K [0x00000000c0000000, 0x00000000c7b00000, 0x00000000eab00000)
  object space 125952K, 16% used [0x00000000c0000000,0x00000000c13f3608,0x00000000c7b00000)
 Metaspace       used 75768K, capacity 76346K, committed 76416K, reserved 1114112K
  class space    used 10714K, capacity 10874K, committed 10880K, reserved 1048576K
GC Heap History (30 events):
Event: 0.355 GC heap before
{Heap before GC invocations=1 (full 0):
 PSYoungGen      total 36864K, used 31744K [0x00000000eab00000, 0x00000000ed400000, 0x0000000100000000)
  eden space 31744K, 100% used [0x00000000eab00000,0x00000000eca00000,0x00000000eca00000)
  from space 5120K, 0% used [0x00000000ecf00000,0x00000000ecf00000,0x00000000ed400000)
  to   space 5120K, 0% used [0x00000000eca00000,0x00000000eca00000,0x00000000ecf00000)
 ParOldGen       total 84992K, used 0K [0x00000000c0000000, 0x00000000c5300000, 0x00000000eab00000)
  object space 84992K, 0% used [0x00000000c0000000,0x00000000c0000000,0x00000000c5300000)
 Metaspace       used 5810K, capacity 6956K, committed 7040K, reserved 1056768K
  class space    used 785K, capacity 872K, committed 896K, reserved 1048576K
Event: 0.357 GC heap after
Heap after GC invocations=1 (full 0):
 PSYoungGen      total 36864K, used 4022K [0x00000000eab00000, 0x00000000ed400000, 0x0000000100000000)
  eden space 31744K, 0% used [0x00000000eab00000,0x00000000eab00000,0x00000000eca00000)
  from space 5120K, 78% used [0x00000000eca00000,0x00000000ecdedb28,0x00000000ecf00000)
  to   space 5120K, 0% used [0x00000000ecf00000,0x00000000ecf00000,0x00000000ed400000)
 ParOldGen       total 84992K, used 8K [0x00000000c0000000, 0x00000000c5300000, 0x00000000eab00000)
  object space 84992K, 0% used [0x00000000c0000000,0x00000000c0002000,0x00000000c5300000)
 Metaspace       used 5810K, capacity 6956K, committed 7040K, reserved 1056768K
  class space    used 785K, capacity 872K, committed 896K, reserved 1048576K
}
Event: 0.617 GC heap before
{Heap before GC invocations=2 (full 0):
 PSYoungGen      total 36864K, used 35766K [0x00000000eab00000, 0x00000000ed400000, 0x0000000100000000)
  eden space 31744K, 100% used [0x00000000eab00000,0x00000000eca00000,0x00000000eca00000)
  from space 5120K, 78% used [0x00000000eca00000,0x00000000ecdedb28,0x00000000ecf00000)
  to   space 5120K, 0% used [0x00000000ecf00000,0x00000000ecf00000,0x00000000ed400000)
 ParOldGen       total 84992K, used 8K [0x00000000c0000000, 0x00000000c5300000, 0x00000000eab00000)
  object space 84992K, 0% used [0x00000000c0000000,0x00000000c0002000,0x00000000c5300000)
 Metaspace       used 9980K, capacity 10084K, committed 10368K, reserved 1058816K
  class space    used 1326K, capacity 1360K, committed 1408K, reserved 1048576K
Event: 0.620 GC heap after
Heap after GC invocations=2 (full 0):
 PSYoungGen      total 36864K, used 4068K [0x00000000eab00000, 0x00000000ed400000, 0x0000000100000000)
  eden space 31744K, 0% used [0x00000000eab00000,0x00000000eab00000,0x00000000eca00000)
  from space 5120K, 79% used [0x00000000ecf00000,0x00000000ed2f9398,0x00000000ed400000)
  to   space 5120K, 0% used [0x00000000eca00000,0x00000000eca00000,0x00000000ecf00000)
 ParOldGen       total 84992K, used 16K [0x00000000c0000000, 0x00000000c5300000, 0x00000000eab00000)
  object space 84992K, 0% used [0x00000000c0000000,0x00000000c0004000,0x00000000c5300000)
 Metaspace       used 9980K, capacity 10084K, committed 10368K, reserved 1058816K
  class space    used 1326K, capacity 1360K, committed 1408K, reserved 1048576K
}
Event: 0.796 GC heap before
{Heap before GC invocations=3 (full 0):
 PSYoungGen      total 36864K, used 35812K [0x00000000eab00000, 0x00000000ed400000, 0x0000000100000000)
  eden space 31744K, 100% used [0x00000000eab00000,0x00000000eca00000,0x00000000eca00000)
  from space 5120K, 79% used [0x00000000ecf00000,0x00000000ed2f9398,0x00000000ed400000)
  to   space 5120K, 0% used [0x00000000eca00000,0x00000000eca00000,0x00000000ecf00000)
 ParOldGen       total 84992K, used 16K [0x00000000c0000000, 0x00000000c5300000, 0x00000000eab00000)
  object space 84992K, 0% used [0x00000000c0000000,0x00000000c0004000,0x00000000c5300000)
 Metaspace       used 12947K, capacity 13060K, committed 13184K, reserved 1060864K
  class space    used 1814K, capacity 1840K, committed 1920K, reserved 1048576K
Event: 0.799 GC heap after
Heap after GC invocations=3 (full 0):
 PSYoungGen      total 36864K, used 4804K [0x00000000eab00000, 0x00000000ef300000, 0x0000000100000000)
  eden space 31744K, 0% used [0x00000000eab00000,0x00000000eab00000,0x00000000eca00000)
  from space 5120K, 93% used [0x00000000eca00000,0x00000000eceb1120,0x00000000ecf00000)
  to   space 5120K, 0% used [0x00000000eee00000,0x00000000eee00000,0x00000000ef300000)
 ParOldGen       total 84992K, used 24K [0x00000000c0000000, 0x00000000c5300000, 0x00000000eab00000)
  object space 84992K, 0% used [0x00000000c0000000,0x00000000c0006000,0x00000000c5300000)
 Metaspace       used 12947K, capacity 13060K, committed 13184K, reserved 1060864K
  class space    used 1814K, capacity 1840K, committed 1920K, reserved 1048576K
}
Event: 1.120 GC heap before
{Heap before GC invocations=4 (full 0):
 PSYoungGen      total 36864K, used 36548K [0x00000000eab00000, 0x00000000ef300000, 0x0000000100000000)
  eden space 31744K, 100% used [0x00000000eab00000,0x00000000eca00000,0x00000000eca00000)
  from space 5120K, 93% used [0x00000000eca00000,0x00000000eceb1120,0x00000000ecf00000)
  to   space 5120K, 0% used [0x00000000eee00000,0x00000000eee00000,0x00000000ef300000)
 ParOldGen       total 84992K, used 24K [0x00000000c0000000, 0x00000000c5300000, 0x00000000eab00000)
  object space 84992K, 0% used [0x00000000c0000000,0x00000000c0006000,0x00000000c5300000)
 Metaspace       used 17044K, capacity 17226K, committed 17536K, reserved 1064960K
  class space    used 2312K, capacity 2373K, committed 2432K, reserved 1048576K
Event: 1.124 GC heap after
Heap after GC invocations=4 (full 0):
 PSYoungGen      total 68608K, used 5089K [0x00000000eab00000, 0x00000000ef300000, 0x0000000100000000)
  eden space 63488K, 0% used [0x00000000eab00000,0x00000000eab00000,0x00000000ee900000)
  from space 5120K, 99% used [0x00000000eee00000,0x00000000ef2f87f8,0x00000000ef300000)
  to   space 5120K, 0% used [0x00000000ee900000,0x00000000ee900000,0x00000000eee00000)
 ParOldGen       total 84992K, used 543K [0x00000000c0000000, 0x00000000c5300000, 0x00000000eab00000)
  object space 84992K, 0% used [0x00000000c0000000,0x00000000c0087c00,0x00000000c5300000)
 Metaspace       used 17044K, capacity 17226K, committed 17536K, reserved 1064960K
  class space    used 2312K, capacity 2373K, committed 2432K, reserved 1048576K
}
Event: 1.657 GC heap before
{Heap before GC invocations=5 (full 0):
 PSYoungGen      total 68608K, used 66282K [0x00000000eab00000, 0x00000000ef300000, 0x0000000100000000)
  eden space 63488K, 96% used [0x00000000eab00000,0x00000000ee6c2028,0x00000000ee900000)
  from space 5120K, 99% used [0x00000000eee00000,0x00000000ef2f87f8,0x00000000ef300000)
  to   space 5120K, 0% used [0x00000000ee900000,0x00000000ee900000,0x00000000eee00000)
 ParOldGen       total 84992K, used 543K [0x00000000c0000000, 0x00000000c5300000, 0x00000000eab00000)
  object space 84992K, 0% used [0x00000000c0000000,0x00000000c0087c00,0x00000000c5300000)
 Metaspace       used 20997K, capacity 21180K, committed 21296K, reserved 1067008K
  class space    used 2852K, capacity 2920K, committed 2944K, reserved 1048576K
Event: 1.662 GC heap after
Heap after GC invocations=5 (full 0):
 PSYoungGen      total 68608K, used 5097K [0x00000000eab00000, 0x00000000f3600000, 0x0000000100000000)
  eden space 63488K, 0% used [0x00000000eab00000,0x00000000eab00000,0x00000000ee900000)
  from space 5120K, 99% used [0x00000000ee900000,0x00000000eedfa518,0x00000000eee00000)
  to   space 7680K, 0% used [0x00000000f2e80000,0x00000000f2e80000,0x00000000f3600000)
 ParOldGen       total 84992K, used 2542K [0x00000000c0000000, 0x00000000c5300000, 0x00000000eab00000)
  object space 84992K, 2% used [0x00000000c0000000,0x00000000c027bbb0,0x00000000c5300000)
 Metaspace       used 20997K, capacity 21180K, committed 21296K, reserved 1067008K
  class space    used 2852K, capacity 2920K, committed 2944K, reserved 1048576K
}
Event: 1.662 GC heap before
{Heap before GC invocations=6 (full 1):
 PSYoungGen      total 68608K, used 5097K [0x00000000eab00000, 0x00000000f3600000, 0x0000000100000000)
  eden space 63488K, 0% used [0x00000000eab00000,0x00000000eab00000,0x00000000ee900000)
  from space 5120K, 99% used [0x00000000ee900000,0x00000000eedfa518,0x00000000eee00000)
  to   space 7680K, 0% used [0x00000000f2e80000,0x00000000f2e80000,0x00000000f3600000)
 ParOldGen       total 84992K, used 2542K [0x00000000c0000000, 0x00000000c5300000, 0x00000000eab00000)
  object space 84992K, 2% used [0x00000000c0000000,0x00000000c027bbb0,0x00000000c5300000)
 Metaspace       used 20997K, capacity 21180K, committed 21296K, reserved 1067008K
  class space    used 2852K, capacity 2920K, committed 2944K, reserved 1048576K
Event: 1.677 GC heap after
Heap after GC invocations=6 (full 1):
 PSYoungGen      total 68608K, used 0K [0x00000000eab00000, 0x00000000f3600000, 0x0000000100000000)
  eden space 63488K, 0% used [0x00000000eab00000,0x00000000eab00000,0x00000000ee900000)
  from space 5120K, 0% used [0x00000000ee900000,0x00000000ee900000,0x00000000eee00000)
  to   space 7680K, 0% used [0x00000000f2e80000,0x00000000f2e80000,0x00000000f3600000)
 ParOldGen       total 55808K, used 6895K [0x00000000c0000000, 0x00000000c3680000, 0x00000000eab00000)
  object space 55808K, 12% used [0x00000000c0000000,0x00000000c06bbf88,0x00000000c3680000)
 Metaspace       used 20997K, capacity 21180K, committed 21296K, reserved 1067008K
  class space    used 2852K, capacity 2920K, committed 2944K, reserved 1048576K
}
Event: 2.064 GC heap before
{Heap before GC invocations=7 (full 1):
 PSYoungGen      total 68608K, used 63488K [0x00000000eab00000, 0x00000000f3600000, 0x0000000100000000)
  eden space 63488K, 100% used [0x00000000eab00000,0x00000000ee900000,0x00000000ee900000)
  from space 5120K, 0% used [0x00000000ee900000,0x00000000ee900000,0x00000000eee00000)
  to   space 7680K, 0% used [0x00000000f2e80000,0x00000000f2e80000,0x00000000f3600000)
 ParOldGen       total 55808K, used 6895K [0x00000000c0000000, 0x00000000c3680000, 0x00000000eab00000)
  object space 55808K, 12% used [0x00000000c0000000,0x00000000c06bbf88,0x00000000c3680000)
 Metaspace       used 26694K, capacity 26928K, committed 27264K, reserved 1073152K
  class space    used 3641K, capacity 3700K, committed 3712K, reserved 1048576K
Event: 2.069 GC heap after
Heap after GC invocations=7 (full 1):
 PSYoungGen      total 103936K, used 6413K [0x00000000eab00000, 0x00000000f3500000, 0x0000000100000000)
  eden space 97280K, 0% used [0x00000000eab00000,0x00000000eab00000,0x00000000f0a00000)
  from space 6656K, 96% used [0x00000000f2e80000,0x00000000f34c3408,0x00000000f3500000)
  to   space 7680K, 0% used [0x00000000f2600000,0x00000000f2600000,0x00000000f2d80000)
 ParOldGen       total 55808K, used 6903K [0x00000000c0000000, 0x00000000c3680000, 0x00000000eab00000)
  object space 55808K, 12% used [0x00000000c0000000,0x00000000c06bdf88,0x00000000c3680000)
 Metaspace       used 26694K, capacity 26928K, committed 27264K, reserved 1073152K
  class space    used 3641K, capacity 3700K, committed 3712K, reserved 1048576K
}
Event: 2.622 GC heap before
{Heap before GC invocations=8 (full 1):
 PSYoungGen      total 103936K, used 103693K [0x00000000eab00000, 0x00000000f3500000, 0x0000000100000000)
  eden space 97280K, 100% used [0x00000000eab00000,0x00000000f0a00000,0x00000000f0a00000)
  from space 6656K, 96% used [0x00000000f2e80000,0x00000000f34c3408,0x00000000f3500000)
  to   space 7680K, 0% used [0x00000000f2600000,0x00000000f2600000,0x00000000f2d80000)
 ParOldGen       total 55808K, used 6903K [0x00000000c0000000, 0x00000000c3680000, 0x00000000eab00000)
  object space 55808K, 12% used [0x00000000c0000000,0x00000000c06bdf88,0x00000000c3680000)
 Metaspace       used 33183K, capacity 33426K, committed 33792K, reserved 1079296K
  class space    used 4471K, capacity 4565K, committed 4608K, reserved 1048576K
Event: 2.630 GC heap after
Heap after GC invocations=8 (full 1):
 PSYoungGen      total 133632K, used 7661K [0x00000000eab00000, 0x00000000f5100000, 0x0000000100000000)
  eden space 125952K, 0% used [0x00000000eab00000,0x00000000eab00000,0x00000000f2600000)
  from space 7680K, 99% used [0x00000000f2600000,0x00000000f2d7b7f8,0x00000000f2d80000)
  to   space 9728K, 0% used [0x00000000f4780000,0x00000000f4780000,0x00000000f5100000)
 ParOldGen       total 55808K, used 8791K [0x00000000c0000000, 0x00000000c3680000, 0x00000000eab00000)
  object space 55808K, 15% used [0x00000000c0000000,0x00000000c0895d30,0x00000000c3680000)
 Metaspace       used 33183K, capacity 33426K, committed 33792K, reserved 1079296K
  class space    used 4471K, capacity 4565K, committed 4608K, reserved 1048576K
}
Event: 2.813 GC heap before
{Heap before GC invocations=9 (full 1):
 PSYoungGen      total 133632K, used 30440K [0x00000000eab00000, 0x00000000f5100000, 0x0000000100000000)
  eden space 125952K, 18% used [0x00000000eab00000,0x00000000ec13e938,0x00000000f2600000)
  from space 7680K, 99% used [0x00000000f2600000,0x00000000f2d7b7f8,0x00000000f2d80000)
  to   space 9728K, 0% used [0x00000000f4780000,0x00000000f4780000,0x00000000f5100000)
 ParOldGen       total 55808K, used 8791K [0x00000000c0000000, 0x00000000c3680000, 0x00000000eab00000)
  object space 55808K, 15% used [0x00000000c0000000,0x00000000c0895d30,0x00000000c3680000)
 Metaspace       used 35019K, capacity 35230K, committed 35496K, reserved 1079296K
  class space    used 4736K, capacity 4823K, committed 4864K, reserved 1048576K
Event: 2.819 GC heap after
Heap after GC invocations=9 (full 1):
 PSYoungGen      total 160256K, used 6715K [0x00000000eab00000, 0x00000000f8700000, 0x0000000100000000)
  eden space 150528K, 0% used [0x00000000eab00000,0x00000000eab00000,0x00000000f3e00000)
  from space 9728K, 69% used [0x00000000f4780000,0x00000000f4e0ecb8,0x00000000f5100000)
  to   space 9728K, 0% used [0x00000000f3e00000,0x00000000f3e00000,0x00000000f4780000)
 ParOldGen       total 55808K, used 8799K [0x00000000c0000000, 0x00000000c3680000, 0x00000000eab00000)
  object space 55808K, 15% used [0x00000000c0000000,0x00000000c0897d30,0x00000000c3680000)
 Metaspace       used 35019K, capacity 35230K, committed 35496K, reserved 1079296K
  class space    used 4736K, capacity 4823K, committed 4864K, reserved 1048576K
}
Event: 2.819 GC heap before
{Heap before GC invocations=10 (full 2):
 PSYoungGen      total 160256K, used 6715K [0x00000000eab00000, 0x00000000f8700000, 0x0000000100000000)
  eden space 150528K, 0% used [0x00000000eab00000,0x00000000eab00000,0x00000000f3e00000)
  from space 9728K, 69% used [0x00000000f4780000,0x00000000f4e0ecb8,0x00000000f5100000)
  to   space 9728K, 0% used [0x00000000f3e00000,0x00000000f3e00000,0x00000000f4780000)
 ParOldGen       total 55808K, used 8799K [0x00000000c0000000, 0x00000000c3680000, 0x00000000eab00000)
  object space 55808K, 15% used [0x00000000c0000000,0x00000000c0897d30,0x00000000c3680000)
 Metaspace       used 35019K, capacity 35230K, committed 35496K, reserved 1079296K
  class space    used 4736K, capacity 4823K, committed 4864K, reserved 1048576K
Event: 2.854 GC heap after
Heap after GC invocations=10 (full 2):
 PSYoungGen      total 160256K, used 0K [0x00000000eab00000, 0x00000000f8700000, 0x0000000100000000)
  eden space 150528K, 0% used [0x00000000eab00000,0x00000000eab00000,0x00000000f3e00000)
  from space 9728K, 0% used [0x00000000f4780000,0x00000000f4780000,0x00000000f5100000)
  to   space 9728K, 0% used [0x00000000f3e00000,0x00000000f3e00000,0x00000000f4780000)
 ParOldGen       total 85504K, used 10079K [0x00000000c0000000, 0x00000000c5380000, 0x00000000eab00000)
  object space 85504K, 11% used [0x00000000c0000000,0x00000000c09d7d00,0x00000000c5380000)
 Metaspace       used 35019K, capacity 35230K, committed 35496K, reserved 1079296K
  class space    used 4736K, capacity 4823K, committed 4864K, reserved 1048576K
}
Event: 3.686 GC heap before
{Heap before GC invocations=11 (full 2):
 PSYoungGen      total 160256K, used 150528K [0x00000000eab00000, 0x00000000f8700000, 0x0000000100000000)
  eden space 150528K, 100% used [0x00000000eab00000,0x00000000f3e00000,0x00000000f3e00000)
  from space 9728K, 0% used [0x00000000f4780000,0x00000000f4780000,0x00000000f5100000)
  to   space 9728K, 0% used [0x00000000f3e00000,0x00000000f3e00000,0x00000000f4780000)
 ParOldGen       total 85504K, used 10079K [0x00000000c0000000, 0x00000000c5380000, 0x00000000eab00000)
  object space 85504K, 11% used [0x00000000c0000000,0x00000000c09d7d00,0x00000000c5380000)
 Metaspace       used 43071K, capacity 43346K, committed 43776K, reserved 1087488K
  class space    used 5978K, capacity 6076K, committed 6144K, reserved 1048576K
Event: 3.692 GC heap after
Heap after GC invocations=11 (full 2):
 PSYoungGen      total 160256K, used 9716K [0x00000000eab00000, 0x00000000f7980000, 0x0000000100000000)
  eden space 150528K, 0% used [0x00000000eab00000,0x00000000eab00000,0x00000000f3e00000)
  from space 9728K, 99% used [0x00000000f3e00000,0x00000000f477d2e0,0x00000000f4780000)
  to   space 11264K, 0% used [0x00000000f6e80000,0x00000000f6e80000,0x00000000f7980000)
 ParOldGen       total 85504K, used 11744K [0x00000000c0000000, 0x00000000c5380000, 0x00000000eab00000)
  object space 85504K, 13% used [0x00000000c0000000,0x00000000c0b782f8,0x00000000c5380000)
 Metaspace       used 43071K, capacity 43346K, committed 43776K, reserved 1087488K
  class space    used 5978K, capacity 6076K, committed 6144K, reserved 1048576K
}
Event: 4.279 GC heap before
{Heap before GC invocations=12 (full 2):
 PSYoungGen      total 160256K, used 160244K [0x00000000eab00000, 0x00000000f7980000, 0x0000000100000000)
  eden space 150528K, 100% used [0x00000000eab00000,0x00000000f3e00000,0x00000000f3e00000)
  from space 9728K, 99% used [0x00000000f3e00000,0x00000000f477d2e0,0x00000000f4780000)
  to   space 11264K, 0% used [0x00000000f6e80000,0x00000000f6e80000,0x00000000f7980000)
 ParOldGen       total 85504K, used 11744K [0x00000000c0000000, 0x00000000c5380000, 0x00000000eab00000)
  object space 85504K, 13% used [0x00000000c0000000,0x00000000c0b782f8,0x00000000c5380000)
 Metaspace       used 50328K, capacity 50716K, committed 50816K, reserved 1093632K
  class space    used 7131K, capacity 7231K, committed 7296K, reserved 1048576K
Event: 4.287 GC heap after
Heap after GC invocations=12 (full 2):
 PSYoungGen      total 198656K, used 11246K [0x00000000eab00000, 0x00000000f7b80000, 0x0000000100000000)
  eden space 187392K, 0% used [0x00000000eab00000,0x00000000eab00000,0x00000000f6200000)
  from space 11264K, 99% used [0x00000000f6e80000,0x00000000f797b928,0x00000000f7980000)
  to   space 12800K, 0% used [0x00000000f6200000,0x00000000f6200000,0x00000000f6e80000)
 ParOldGen       total 85504K, used 12178K [0x00000000c0000000, 0x00000000c5380000, 0x00000000eab00000)
  object space 85504K, 14% used [0x00000000c0000000,0x00000000c0be4b80,0x00000000c5380000)
 Metaspace       used 50328K, capacity 50716K, committed 50816K, reserved 1093632K
  class space    used 7131K, capacity 7231K, committed 7296K, reserved 1048576K
}
Event: 4.807 GC heap before
{Heap before GC invocations=13 (full 2):
 PSYoungGen      total 198656K, used 143327K [0x00000000eab00000, 0x00000000f7b80000, 0x0000000100000000)
  eden space 187392K, 70% used [0x00000000eab00000,0x00000000f2bfc460,0x00000000f6200000)
  from space 11264K, 99% used [0x00000000f6e80000,0x00000000f797b928,0x00000000f7980000)
  to   space 12800K, 0% used [0x00000000f6200000,0x00000000f6200000,0x00000000f6e80000)
 ParOldGen       total 85504K, used 12178K [0x00000000c0000000, 0x00000000c5380000, 0x00000000eab00000)
  object space 85504K, 14% used [0x00000000c0000000,0x00000000c0be4b80,0x00000000c5380000)
 Metaspace       used 58619K, capacity 59004K, committed 59136K, reserved 1099776K
  class space    used 8497K, capacity 8607K, committed 8704K, reserved 1048576K
Event: 4.814 GC heap after
Heap after GC invocations=13 (full 2):
 PSYoungGen      total 200192K, used 8615K [0x00000000eab00000, 0x00000000fa880000, 0x0000000100000000)
  eden space 187392K, 0% used [0x00000000eab00000,0x00000000eab00000,0x00000000f6200000)
  from space 12800K, 67% used [0x00000000f6200000,0x00000000f6a69d08,0x00000000f6e80000)
  to   space 12800K, 0% used [0x00000000f9c00000,0x00000000f9c00000,0x00000000fa880000)
 ParOldGen       total 85504K, used 16933K [0x00000000c0000000, 0x00000000c5380000, 0x00000000eab00000)
  object space 85504K, 19% used [0x00000000c0000000,0x00000000c10897d8,0x00000000c5380000)
 Metaspace       used 58619K, capacity 59004K, committed 59136K, reserved 1099776K
  class space    used 8497K, capacity 8607K, committed 8704K, reserved 1048576K
}
Event: 4.814 GC heap before
{Heap before GC invocations=14 (full 3):
 PSYoungGen      total 200192K, used 8615K [0x00000000eab00000, 0x00000000fa880000, 0x0000000100000000)
  eden space 187392K, 0% used [0x00000000eab00000,0x00000000eab00000,0x00000000f6200000)
  from space 12800K, 67% used [0x00000000f6200000,0x00000000f6a69d08,0x00000000f6e80000)
  to   space 12800K, 0% used [0x00000000f9c00000,0x00000000f9c00000,0x00000000fa880000)
 ParOldGen       total 85504K, used 16933K [0x00000000c0000000, 0x00000000c5380000, 0x00000000eab00000)
  object space 85504K, 19% used [0x00000000c0000000,0x00000000c10897d8,0x00000000c5380000)
 Metaspace       used 58619K, capacity 59004K, committed 59136K, reserved 1099776K
  class space    used 8497K, capacity 8607K, committed 8704K, reserved 1048576K
Event: 4.881 GC heap after
Heap after GC invocations=14 (full 3):
 PSYoungGen      total 200192K, used 0K [0x00000000eab00000, 0x00000000fa880000, 0x0000000100000000)
  eden space 187392K, 0% used [0x00000000eab00000,0x00000000eab00000,0x00000000f6200000)
  from space 12800K, 0% used [0x00000000f6200000,0x00000000f6200000,0x00000000f6e80000)
  to   space 12800K, 0% used [0x00000000f9c00000,0x00000000f9c00000,0x00000000fa880000)
 ParOldGen       total 125952K, used 20421K [0x00000000c0000000, 0x00000000c7b00000, 0x00000000eab00000)
  object space 125952K, 16% used [0x00000000c0000000,0x00000000c13f1608,0x00000000c7b00000)
 Metaspace       used 58616K, capacity 58998K, committed 59136K, reserved 1099776K
  class space    used 8497K, capacity 8606K, committed 8704K, reserved 1048576K
}
Event: 5.915 GC heap before
{Heap before GC invocations=15 (full 3):
 PSYoungGen      total 200192K, used 187392K [0x00000000eab00000, 0x00000000fa880000, 0x0000000100000000)
  eden space 187392K, 100% used [0x00000000eab00000,0x00000000f6200000,0x00000000f6200000)
  from space 12800K, 0% used [0x00000000f6200000,0x00000000f6200000,0x00000000f6e80000)
  to   space 12800K, 0% used [0x00000000f9c00000,0x00000000f9c00000,0x00000000fa880000)
 ParOldGen       total 125952K, used 20421K [0x00000000c0000000, 0x00000000c7b00000, 0x00000000eab00000)
  object space 125952K, 16% used [0x00000000c0000000,0x00000000c13f1608,0x00000000c7b00000)
 Metaspace       used 67511K, capacity 67956K, committed 68224K, reserved 1107968K
  class space    used 9848K, capacity 9987K, committed 10112K, reserved 1048576K
Event: 5.922 GC heap after
Heap after GC invocations=15 (full 3):
 PSYoungGen      total 237056K, used 12206K [0x00000000eab00000, 0x00000000fa800000, 0x0000000100000000)
  eden space 224768K, 0% used [0x00000000eab00000,0x00000000eab00000,0x00000000f8680000)
  from space 12288K, 99% used [0x00000000f9c00000,0x00000000fa7eba70,0x00000000fa800000)
  to   space 14336K, 0% used [0x00000000f8c00000,0x00000000f8c00000,0x00000000f9a00000)
 ParOldGen       total 125952K, used 20429K [0x00000000c0000000, 0x00000000c7b00000, 0x00000000eab00000)
  object space 125952K, 16% used [0x00000000c0000000,0x00000000c13f3608,0x00000000c7b00000)
 Metaspace       used 67511K, capacity 67956K, committed 68224K, reserved 1107968K
  class space    used 9848K, capacity 9987K, committed 10112K, reserved 1048576K
}

