# JRE version: OpenJDK Runtime Environment (8.0_201-b09) (build 1.8.0_201-b09)
# Java VM: OpenJDK 64-Bit Server VM (25.201-b09 mixed mode linux-amd64 compressed oops)
Heap:
 PSYoungGen      total 330240K, used 186711K [0x00000000eab00000, 0x0000000100000000, 0x0000000100000000)
  eden space 311296K, 53% used [0x00000000eab00000,0x00000000f4ed6338,0x00000000fdb00000)
  from space 18944K, 99% used [0x00000000fdb00000,0x00000000fed7faf0,0x00000000fed80000)
  to   space 18944K, 0% used [0x00000000fed80000,0x00000000fed80000,0x0000000100000000)
 ParOldGen       total 125440K, used 48431K [0x00000000c0000000, 0x00000000c7a80000, 0x00000000eab00000)
  object space 125440K, 38% used [0x00000000c0000000,0x00000000c2f4be80,0x00000000c7a80000)
 Metaspace       used 77796K, capacity 78572K, committed 78848K, reserved 1116160K
  class space    used 10978K, capacity 11154K, committed 11264K, reserved 1048576K
GC Heap History (28 events):
Event: 0.257 GC heap before
{Heap before GC invocations=1 (full 0):
 PSYoungGen      total 36864K, used 31744K [0x00000000eab00000, 0x00000000ed400000, 0x0000000100000000)
  eden space 31744K, 100% used [0x00000000eab00000,0x00000000eca00000,0x00000000eca00000)
  from space 5120K, 0% used [0x00000000ecf00000,0x00000000ecf00000,0x00000000ed400000)
  to   space 5120K, 0% used [0x00000000eca00000,0x00000000eca00000,0x00000000ecf00000)
 ParOldGen       total 84992K, used 0K [0x00000000c0000000, 0x00000000c5300000, 0x00000000eab00000)
  object space 84992K, 0% used [0x00000000c0000000,0x00000000c0000000,0x00000000c5300000)
 Metaspace       used 5810K, capacity 6956K, committed 7040K, reserved 1056768K
  class space    used 785K, capacity 872K, committed 896K, reserved 1048576K
Event: 0.261 GC heap after
Heap after GC invocations=1 (full 0):
 PSYoungGen      total 36864K, used 3958K [0x00000000eab00000, 0x00000000ef300000, 0x0000000100000000)
  eden space 31744K, 0% used [0x00000000eab00000,0x00000000eab00000,0x00000000eca00000)
  from space 5120K, 77% used [0x00000000eca00000,0x00000000ecdddb28,0x00000000ecf00000)
  to   space 5120K, 0% used [0x00000000eee00000,0x00000000eee00000,0x00000000ef300000)
 ParOldGen       total 84992K, used 8K [0x00000000c0000000, 0x00000000c5300000, 0x00000000eab00000)
  object space 84992K, 0% used [0x00000000c0000000,0x00000000c0002000,0x00000000c5300000)
 Metaspace       used 5810K, capacity 6956K, committed 7040K, reserved 1056768K
  class space    used 785K, capacity 872K, committed 896K, reserved 1048576K
}
Event: 0.419 GC heap before
{Heap before GC invocations=2 (full 0):
 PSYoungGen      total 36864K, used 35702K [0x00000000eab00000, 0x00000000ef300000, 0x0000000100000000)
  eden space 31744K, 100% used [0x00000000eab00000,0x00000000eca00000,0x00000000eca00000)
  from space 5120K, 77% used [0x00000000eca00000,0x00000000ecdddb28,0x00000000ecf00000)
  to   space 5120K, 0% used [0x00000000eee00000,0x00000000eee00000,0x00000000ef300000)
 ParOldGen       total 84992K, used 8K [0x00000000c0000000, 0x00000000c5300000, 0x00000000eab00000)
  object space 84992K, 0% used [0x00000000c0000000,0x00000000c0002000,0x00000000c5300000)
 Metaspace       used 9981K, capacity 10084K, committed 10368K, reserved 1058816K
  class space    used 1326K, capacity 1360K, committed 1408K, reserved 1048576K
Event: 0.422 GC heap after
Heap after GC invocations=2 (full 0):
 PSYoungGen      total 68608K, used 4089K [0x00000000eab00000, 0x00000000ef300000, 0x0000000100000000)
  eden space 63488K, 0% used [0x00000000eab00000,0x00000000eab00000,0x00000000ee900000)
  from space 5120K, 79% used [0x00000000eee00000,0x00000000ef1fe6b8,0x00000000ef300000)
  to   space 5120K, 0% used [0x00000000ee900000,0x00000000ee900000,0x00000000eee00000)
 ParOldGen       total 84992K, used 16K [0x00000000c0000000, 0x00000000c5300000, 0x00000000eab00000)
  object space 84992K, 0% used [0x00000000c0000000,0x00000000c0004000,0x00000000c5300000)
 Metaspace       used 9981K, capacity 10084K, committed 10368K, reserved 1058816K
  class space    used 1326K, capacity 1360K, committed 1408K, reserved 1048576K
}
Event: 0.843 GC heap before
{Heap before GC invocations=3 (full 0):
 PSYoungGen      total 68608K, used 67577K [0x00000000eab00000, 0x00000000ef300000, 0x0000000100000000)
  eden space 63488K, 100% used [0x00000000eab00000,0x00000000ee900000,0x00000000ee900000)
  from space 5120K, 79% used [0x00000000eee00000,0x00000000ef1fe6b8,0x00000000ef300000)
  to   space 5120K, 0% used [0x00000000ee900000,0x00000000ee900000,0x00000000eee00000)
 ParOldGen       total 84992K, used 16K [0x00000000c0000000, 0x00000000c5300000, 0x00000000eab00000)
  object space 84992K, 0% used [0x00000000c0000000,0x00000000c0004000,0x00000000c5300000)
 Metaspace       used 17013K, capacity 17162K, committed 17280K, reserved 1064960K
  class space    used 2310K, capacity 2373K, committed 2432K, reserved 1048576K
Event: 0.849 GC heap after
Heap after GC invocations=3 (full 0):
 PSYoungGen      total 68608K, used 5111K [0x00000000eab00000, 0x00000000f3100000, 0x0000000100000000)
  eden space 63488K, 0% used [0x00000000eab00000,0x00000000eab00000,0x00000000ee900000)
  from space 5120K, 99% used [0x00000000ee900000,0x00000000eedfdd48,0x00000000eee00000)
  to   space 5120K, 0% used [0x00000000f2c00000,0x00000000f2c00000,0x00000000f3100000)
 ParOldGen       total 84992K, used 2809K [0x00000000c0000000, 0x00000000c5300000, 0x00000000eab00000)
  object space 84992K, 3% used [0x00000000c0000000,0x00000000c02be7b8,0x00000000c5300000)
 Metaspace       used 17013K, capacity 17162K, committed 17280K, reserved 1064960K
  class space    used 2310K, capacity 2373K, committed 2432K, reserved 1048576K
}
Event: 1.263 GC heap before
{Heap before GC invocations=4 (full 0):
 PSYoungGen      total 68608K, used 66248K [0x00000000eab00000, 0x00000000f3100000, 0x0000000100000000)
  eden space 63488K, 96% used [0x00000000eab00000,0x00000000ee6b4560,0x00000000ee900000)
  from space 5120K, 99% used [0x00000000ee900000,0x00000000eedfdd48,0x00000000eee00000)
  to   space 5120K, 0% used [0x00000000f2c00000,0x00000000f2c00000,0x00000000f3100000)
 ParOldGen       total 84992K, used 2809K [0x00000000c0000000, 0x00000000c5300000, 0x00000000eab00000)
  object space 84992K, 3% used [0x00000000c0000000,0x00000000c02be7b8,0x00000000c5300000)
 Metaspace       used 20998K, capacity 21180K, committed 21296K, reserved 1067008K
  class space    used 2851K, capacity 2920K, committed 2944K, reserved 1048576K
Event: 1.268 GC heap after
Heap after GC invocations=4 (full 0):
 PSYoungGen      total 132096K, used 5093K [0x00000000eab00000, 0x00000000f3100000, 0x0000000100000000)
  eden space 126976K, 0% used [0x00000000eab00000,0x00000000eab00000,0x00000000f2700000)
  from space 5120K, 99% used [0x00000000f2c00000,0x00000000f30f96a0,0x00000000f3100000)
  to   space 5120K, 0% used [0x00000000f2700000,0x00000000f2700000,0x00000000f2c00000)
 ParOldGen       total 84992K, used 4889K [0x00000000c0000000, 0x00000000c5300000, 0x00000000eab00000)
  object space 84992K, 5% used [0x00000000c0000000,0x00000000c04c6480,0x00000000c5300000)
 Metaspace       used 20998K, capacity 21180K, committed 21296K, reserved 1067008K
  class space    used 2851K, capacity 2920K, committed 2944K, reserved 1048576K
}
Event: 1.268 GC heap before
{Heap before GC invocations=5 (full 1):
 PSYoungGen      total 132096K, used 5093K [0x00000000eab00000, 0x00000000f3100000, 0x0000000100000000)
  eden space 126976K, 0% used [0x00000000eab00000,0x00000000eab00000,0x00000000f2700000)
  from space 5120K, 99% used [0x00000000f2c00000,0x00000000f30f96a0,0x00000000f3100000)
  to   space 5120K, 0% used [0x00000000f2700000,0x00000000f2700000,0x00000000f2c00000)
 ParOldGen       total 84992K, used 4889K [0x00000000c0000000, 0x00000000c5300000, 0x00000000eab00000)
  object space 84992K, 5% used [0x00000000c0000000,0x00000000c04c6480,0x00000000c5300000)
 Metaspace       used 20998K, capacity 21180K, committed 21296K, reserved 1067008K
  class space    used 2851K, capacity 2920K, committed 2944K, reserved 1048576K
Event: 1.282 GC heap after
Heap after GC invocations=5 (full 1):
 PSYoungGen      total 132096K, used 0K [0x00000000eab00000, 0x00000000f3100000, 0x0000000100000000)
  eden space 126976K, 0% used [0x00000000eab00000,0x00000000eab00000,0x00000000f2700000)
  from space 5120K, 0% used [0x00000000f2c00000,0x00000000f2c00000,0x00000000f3100000)
  to   space 5120K, 0% used [0x00000000f2700000,0x00000000f2700000,0x00000000f2c00000)
 ParOldGen       total 57344K, used 6945K [0x00000000c0000000, 0x00000000c3800000, 0x00000000eab00000)
  object space 57344K, 12% used [0x00000000c0000000,0x00000000c06c8518,0x00000000c3800000)
 Metaspace       used 20998K, capacity 21180K, committed 21296K, reserved 1067008K
  class space    used 2851K, capacity 2920K, committed 2944K, reserved 1048576K
}
Event: 1.835 GC heap before
{Heap before GC invocations=6 (full 1):
 PSYoungGen      total 132096K, used 126976K [0x00000000eab00000, 0x00000000f3100000, 0x0000000100000000)
  eden space 126976K, 100% used [0x00000000eab00000,0x00000000f2700000,0x00000000f2700000)
  from space 5120K, 0% used [0x00000000f2c00000,0x00000000f2c00000,0x00000000f3100000)
  to   space 5120K, 0% used [0x00000000f2700000,0x00000000f2700000,0x00000000f2c00000)
 ParOldGen       total 57344K, used 6945K [0x00000000c0000000, 0x00000000c3800000, 0x00000000eab00000)
  object space 57344K, 12% used [0x00000000c0000000,0x00000000c06c8518,0x00000000c3800000)
 Metaspace       used 31205K, capacity 31440K, committed 31744K, reserved 1077248K
  class space    used 4213K, capacity 4308K, committed 4352K, reserved 1048576K
Event: 1.844 GC heap after
Heap after GC invocations=6 (full 1):
 PSYoungGen      total 132096K, used 5097K [0x00000000eab00000, 0x00000000f8100000, 0x0000000100000000)
  eden space 126976K, 0% used [0x00000000eab00000,0x00000000eab00000,0x00000000f2700000)
  from space 5120K, 99% used [0x00000000f2700000,0x00000000f2bfa758,0x00000000f2c00000)
  to   space 11776K, 0% used [0x00000000f7580000,0x00000000f7580000,0x00000000f8100000)
 ParOldGen       total 57344K, used 12628K [0x00000000c0000000, 0x00000000c3800000, 0x00000000eab00000)
  object space 57344K, 22% used [0x00000000c0000000,0x00000000c0c55368,0x00000000c3800000)
 Metaspace       used 31205K, capacity 31440K, committed 31744K, reserved 1077248K
  class space    used 4213K, capacity 4308K, committed 4352K, reserved 1048576K
}
Event: 2.108 GC heap before
{Heap before GC invocations=7 (full 1):
 PSYoungGen      total 132096K, used 64742K [0x00000000eab00000, 0x00000000f8100000, 0x0000000100000000)
  eden space 126976K, 46% used [0x00000000eab00000,0x00000000ee53f370,0x00000000f2700000)
  from space 5120K, 99% used [0x00000000f2700000,0x00000000f2bfa758,0x00000000f2c00000)
  to   space 11776K, 0% used [0x00000000f7580000,0x00000000f7580000,0x00000000f8100000)
 ParOldGen       total 57344K, used 12628K [0x00000000c0000000, 0x00000000c3800000, 0x00000000eab00000)
  object space 57344K, 22% used [0x00000000c0000000,0x00000000c0c55368,0x00000000c3800000)
 Metaspace       used 35037K, capacity 35230K, committed 35496K, reserved 1079296K
  class space    used 4736K, capacity 4823K, committed 4864K, reserved 1048576K
Event: 2.114 GC heap after
Heap after GC invocations=7 (full 1):
 PSYoungGen      total 206848K, used 8601K [0x00000000eab00000, 0x00000000f8700000, 0x0000000100000000)
  eden space 195072K, 0% used [0x00000000eab00000,0x00000000eab00000,0x00000000f6980000)
  from space 11776K, 73% used [0x00000000f7580000,0x00000000f7de67b8,0x00000000f8100000)
  to   space 12288K, 0% used [0x00000000f6980000,0x00000000f6980000,0x00000000f7580000)
 ParOldGen       total 57344K, used 12636K [0x00000000c0000000, 0x00000000c3800000, 0x00000000eab00000)
  object space 57344K, 22% used [0x00000000c0000000,0x00000000c0c57368,0x00000000c3800000)
 Metaspace       used 35037K, capacity 35230K, committed 35496K, reserved 1079296K
  class space    used 4736K, capacity 4823K, committed 4864K, reserved 1048576K
}
Event: 2.114 GC heap before
{Heap before GC invocations=8 (full 2):
 PSYoungGen      total 206848K, used 8601K [0x00000000eab00000, 0x00000000f8700000, 0x0000000100000000)
  eden space 195072K, 0% used [0x00000000eab00000,0x00000000eab00000,0x00000000f6980000)
  from space 11776K, 73% used [0x00000000f7580000,0x00000000f7de67b8,0x00000000f8100000)
  to   space 12288K, 0% used [0x00000000f6980000,0x00000000f6980000,0x00000000f7580000)
 ParOldGen       total 57344K, used 12636K [0x00000000c0000000, 0x00000000c3800000, 0x00000000eab00000)
  object space 57344K, 22% used [0x00000000c0000000,0x00000000c0c57368,0x00000000c3800000)
 Metaspace       used 35037K, capacity 35230K, committed 35496K, reserved 1079296K
  class space    used 4736K, capacity 4823K, committed 4864K, reserved 1048576K
Event: 2.147 GC heap after
Heap after GC invocations=8 (full 2):
 PSYoungGen      total 206848K, used 0K [0x00000000eab00000, 0x00000000f8700000, 0x0000000100000000)
  eden space 195072K, 0% used [0x00000000eab00000,0x00000000eab00000,0x00000000f6980000)
  from space 11776K, 0% used [0x00000000f7580000,0x00000000f7580000,0x00000000f8100000)
  to   space 12288K, 0% used [0x00000000f6980000,0x00000000f6980000,0x00000000f7580000)
 ParOldGen       total 94208K, used 11813K [0x00000000c0000000, 0x00000000c5c00000, 0x00000000eab00000)
  object space 94208K, 12% used [0x00000000c0000000,0x00000000c0b89580,0x00000000c5c00000)
 Metaspace       used 35037K, capacity 35230K, committed 35496K, reserved 1079296K
  class space    used 4736K, capacity 4823K, committed 4864K, reserved 1048576K
}
Event: 2.923 GC heap before
{Heap before GC invocations=9 (full 2):
 PSYoungGen      total 206848K, used 195072K [0x00000000eab00000, 0x00000000f8700000, 0x0000000100000000)
  eden space 195072K, 100% used [0x00000000eab00000,0x00000000f6980000,0x00000000f6980000)
  from space 11776K, 0% used [0x00000000f7580000,0x00000000f7580000,0x00000000f8100000)
  to   space 12288K, 0% used [0x00000000f6980000,0x00000000f6980000,0x00000000f7580000)
 ParOldGen       total 94208K, used 11813K [0x00000000c0000000, 0x00000000c5c00000, 0x00000000eab00000)
  object space 94208K, 12% used [0x00000000c0000000,0x00000000c0b89580,0x00000000c5c00000)
 Metaspace       used 45244K, capacity 45514K, committed 45952K, reserved 1089536K
  class space    used 6315K, capacity 6432K, committed 6528K, reserved 1048576K
Event: 2.930 GC heap after
Heap after GC invocations=9 (full 2):
 PSYoungGen      total 207360K, used 12281K [0x00000000eab00000, 0x00000000fcb80000, 0x0000000100000000)
  eden space 195072K, 0% used [0x00000000eab00000,0x00000000eab00000,0x00000000f6980000)
  from space 12288K, 99% used [0x00000000f6980000,0x00000000f757e7e8,0x00000000f7580000)
  to   space 14848K, 0% used [0x00000000fbd00000,0x00000000fbd00000,0x00000000fcb80000)
 ParOldGen       total 94208K, used 13493K [0x00000000c0000000, 0x00000000c5c00000, 0x00000000eab00000)
  object space 94208K, 14% used [0x00000000c0000000,0x00000000c0d2d678,0x00000000c5c00000)
 Metaspace       used 45244K, capacity 45514K, committed 45952K, reserved 1089536K
  class space    used 6315K, capacity 6432K, committed 6528K, reserved 1048576K
}
Event: 3.560 GC heap before
{Heap before GC invocations=10 (full 2):
 PSYoungGen      total 207360K, used 207353K [0x00000000eab00000, 0x00000000fcb80000, 0x0000000100000000)
  eden space 195072K, 100% used [0x00000000eab00000,0x00000000f6980000,0x00000000f6980000)
  from space 12288K, 99% used [0x00000000f6980000,0x00000000f757e7e8,0x00000000f7580000)
  to   space 14848K, 0% used [0x00000000fbd00000,0x00000000fbd00000,0x00000000fcb80000)
 ParOldGen       total 94208K, used 13493K [0x00000000c0000000, 0x00000000c5c00000, 0x00000000eab00000)
  object space 94208K, 14% used [0x00000000c0000000,0x00000000c0d2d678,0x00000000c5c00000)
 Metaspace       used 56232K, capacity 56636K, committed 56832K, reserved 1097728K
  class space    used 8055K, capacity 8159K, committed 8192K, reserved 1048576K
Event: 3.569 GC heap after
Heap after GC invocations=10 (full 2):
 PSYoungGen      total 278016K, used 14829K [0x00000000eab00000, 0x00000000fd000000, 0x0000000100000000)
  eden space 263168K, 0% used [0x00000000eab00000,0x00000000eab00000,0x00000000fac00000)
  from space 14848K, 99% used [0x00000000fbd00000,0x00000000fcb7b6e8,0x00000000fcb80000)
  to   space 17408K, 0% used [0x00000000fac00000,0x00000000fac00000,0x00000000fbd00000)
 ParOldGen       total 94208K, used 14732K [0x00000000c0000000, 0x00000000c5c00000, 0x00000000eab00000)
  object space 94208K, 15% used [0x00000000c0000000,0x00000000c0e632e0,0x00000000c5c00000)
 Metaspace       used 56232K, capacity 56636K, committed 56832K, reserved 1097728K
  class space    used 8055K, capacity 8159K, committed 8192K, reserved 1048576K
}
Event: 3.688 GC heap before
{Heap before GC invocations=11 (full 2):
 PSYoungGen      total 278016K, used 68687K [0x00000000eab00000, 0x00000000fd000000, 0x0000000100000000)
  eden space 263168K, 20% used [0x00000000eab00000,0x00000000edf986f8,0x00000000fac00000)
  from space 14848K, 99% used [0x00000000fbd00000,0x00000000fcb7b6e8,0x00000000fcb80000)
  to   space 17408K, 0% used [0x00000000fac00000,0x00000000fac00000,0x00000000fbd00000)
 ParOldGen       total 94208K, used 14732K [0x00000000c0000000, 0x00000000c5c00000, 0x00000000eab00000)
  object space 94208K, 15% used [0x00000000c0000000,0x00000000c0e632e0,0x00000000c5c00000)
 Metaspace       used 58624K, capacity 59036K, committed 59160K, reserved 1099776K
  class space    used 8486K, capacity 8575K, committed 8576K, reserved 1048576K
Event: 3.692 GC heap after
Heap after GC invocations=11 (full 2):
 PSYoungGen      total 280576K, used 7706K [0x00000000eab00000, 0x0000000100000000, 0x0000000100000000)
  eden space 263168K, 0% used [0x00000000eab00000,0x00000000eab00000,0x00000000fac00000)
  from space 17408K, 44% used [0x00000000fac00000,0x00000000fb386bf8,0x00000000fbd00000)
  to   space 16896K, 0% used [0x00000000fef80000,0x00000000fef80000,0x0000000100000000)
 ParOldGen       total 94208K, used 14740K [0x00000000c0000000, 0x00000000c5c00000, 0x00000000eab00000)
  object space 94208K, 15% used [0x00000000c0000000,0x00000000c0e652e0,0x00000000c5c00000)
 Metaspace       used 58624K, capacity 59036K, committed 59160K, reserved 1099776K
  class space    used 8486K, capacity 8575K, committed 8576K, reserved 1048576K
}
Event: 3.692 GC heap before
{Heap before GC invocations=12 (full 3):
 PSYoungGen      total 280576K, used 7706K [0x00000000eab00000, 0x0000000100000000, 0x0000000100000000)
  eden space 263168K, 0% used [0x00000000eab00000,0x00000000eab00000,0x00000000fac00000)
  from space 17408K, 44% used [0x00000000fac00000,0x00000000fb386bf8,0x00000000fbd00000)
  to   space 16896K, 0% used [0x00000000fef80000,0x00000000fef80000,0x0000000100000000)
 ParOldGen       total 94208K, used 14740K [0x00000000c0000000, 0x00000000c5c00000, 0x00000000eab00000)
  object space 94208K, 15% used [0x00000000c0000000,0x00000000c0e652e0,0x00000000c5c00000)
 Metaspace       used 58624K, capacity 59036K, committed 59160K, reserved 1099776K
  class space    used 8486K, capacity 8575K, committed 8576K, reserved 1048576K
Event: 3.756 GC heap after
Heap after GC invocations=12 (full 3):
 PSYoungGen      total 280576K, used 0K [0x00000000eab00000, 0x0000000100000000, 0x0000000100000000)
  eden space 263168K, 0% used [0x00000000eab00000,0x00000000eab00000,0x00000000fac00000)
  from space 17408K, 0% used [0x00000000fac00000,0x00000000fac00000,0x00000000fbd00000)
  to   space 16896K, 0% used [0x00000000fef80000,0x00000000fef80000,0x0000000100000000)
 ParOldGen       total 125440K, used 15347K [0x00000000c0000000, 0x00000000c7a80000, 0x00000000eab00000)
  object space 125440K, 12% used [0x00000000c0000000,0x00000000c0efcd80,0x00000000c7a80000)
 Metaspace       used 58620K, capacity 59030K, committed 59160K, reserved 1099776K
  class space    used 8485K, capacity 8574K, committed 8576K, reserved 1048576K
}
Event: 5.058 GC heap before
{Heap before GC invocations=13 (full 3):
 PSYoungGen      total 280576K, used 263168K [0x00000000eab00000, 0x0000000100000000, 0x0000000100000000)
  eden space 263168K, 100% used [0x00000000eab00000,0x00000000fac00000,0x00000000fac00000)
  from space 17408K, 0% used [0x00000000fac00000,0x00000000fac00000,0x00000000fbd00000)
  to   space 16896K, 0% used [0x00000000fef80000,0x00000000fef80000,0x0000000100000000)
 ParOldGen       total 125440K, used 15347K [0x00000000c0000000, 0x00000000c7a80000, 0x00000000eab00000)
  object space 125440K, 12% used [0x00000000c0000000,0x00000000c0efcd80,0x00000000c7a80000)
 Metaspace       used 70416K, capacity 70934K, committed 71040K, reserved 1110016K
  class space    used 10202K, capacity 10320K, committed 10368K, reserved 1048576K
Event: 5.068 GC heap after
Heap after GC invocations=13 (full 3):
 PSYoungGen      total 328192K, used 16373K [0x00000000eab00000, 0x0000000100000000, 0x0000000100000000)
  eden space 311296K, 0% used [0x00000000eab00000,0x00000000eab00000,0x00000000fdb00000)
  from space 16896K, 96% used [0x00000000fef80000,0x00000000fff7d630,0x0000000100000000)
  to   space 18944K, 0% used [0x00000000fdb00000,0x00000000fdb00000,0x00000000fed80000)
 ParOldGen       total 125440K, used 15355K [0x00000000c0000000, 0x00000000c7a80000, 0x00000000eab00000)
  object space 125440K, 12% used [0x00000000c0000000,0x00000000c0efed80,0x00000000c7a80000)
 Metaspace       used 70416K, capacity 70934K, committed 71040K, reserved 1110016K
  class space    used 10202K, capacity 10320K, committed 10368K, reserved 1048576K
}
Event: 6.228 GC heap before
{Heap before GC invocations=14 (full 3):
 PSYoungGen      total 328192K, used 327669K [0x00000000eab00000, 0x0000000100000000, 0x0000000100000000)
  eden space 311296K, 100% used [0x00000000eab00000,0x00000000fdb00000,0x00000000fdb00000)
  from space 16896K, 96% used [0x00000000fef80000,0x00000000fff7d630,0x0000000100000000)
  to   space 18944K, 0% used [0x00000000fdb00000,0x00000000fdb00000,0x00000000fed80000)
 ParOldGen       total 125440K, used 15355K [0x00000000c0000000, 0x00000000c7a80000, 0x00000000eab00000)
  object space 125440K, 12% used [0x00000000c0000000,0x00000000c0efed80,0x00000000c7a80000)
 Metaspace       used 77502K, capacity 78208K, committed 78464K, reserved 1116160K
  class space    used 10942K, capacity 11110K, committed 11136K, reserved 1048576K
Event: 6.245 GC heap after
Heap after GC invocations=14 (full 3):
 PSYoungGen      total 330240K, used 18942K [0x00000000eab00000, 0x0000000100000000, 0x0000000100000000)
  eden space 311296K, 0% used [0x00000000eab00000,0x00000000eab00000,0x00000000fdb00000)
  from space 18944K, 99% used [0x00000000fdb00000,0x00000000fed7faf0,0x00000000fed80000)
  to   space 18944K, 0% used [0x00000000fed80000,0x00000000fed80000,0x0000000100000000)
 ParOldGen       total 125440K, used 48431K [0x00000000c0000000, 0x00000000c7a80000, 0x00000000eab00000)
  object space 125440K, 38% used [0x00000000c0000000,0x00000000c2f4be80,0x00000000c7a80000)
 Metaspace       used 77502K, capacity 78208K, committed 78464K, reserved 1116160K
  class space    used 10942K, capacity 11110K, committed 11136K, reserved 1048576K
}

